<?xml version="1.0" encoding="UTF-8"?>
<!-- Generated by org.testng.reporters.JUnitReportReporter -->
<testsuite hostname="IBM359-PC0BY7VW" name="script.TestBaseTest" tests="1" failures="0" timestamp="12 Jun 2019 15:03:48 GMT" time="12.111" errors="0">
  <testcase name="test" time="12.111" classname="script.TestBaseTest"/>
</testsuite> <!-- script.TestBaseTest -->
