<?xml version="1.0" encoding="UTF-8"?>
<!-- Generated by org.testng.reporters.JUnitReportReporter -->
<testsuite hostname="IBM359-PC0BY7VW" name="script.TestValidLogin" tests="1" failures="0" timestamp="14 Jun 2019 13:56:25 GMT" time="22.214" errors="0">
  <testcase name="login" time="22.214" classname="script.TestValidLogin"/>
</testsuite> <!-- script.TestValidLogin -->
